{
  "RSpec": {
    "coverage": {
      "/home/gooseisdead/tic-tac-toe-rb-ruby-apply-000/lib/tic_tac_toe.rb": [
        1,
        null,
        null,
        null,
        null,
        null,
        null,
        null,
        null,
        null,
        1,
        61,
        61,
        61,
        61,
        61,
        null,
        null,
        1,
        62,
        null,
        null,
        1,
        0,
        null,
        null,
        1,
        61,
        61,
        null,
        0,
        null,
        null,
        null,
        1,
        65,
        65,
        62,
        62,
        62,
        62,
        61,
        61,
        null,
        0,
        0,
        null,
        null,
        null,
        1,
        0,
        0,
        0,
        0,
        null,
        null,
        0,
        null,
        null,
        1,
        0,
        null,
        null,
        1,
        0,
        0,
        0,
        0,
        0,
        0,
        0,
        0,
        0,
        null,
        null,
        0,
        null,
        null,
        1,
        0,
        0,
        null,
        null,
        null,
        1,
        0,
        0,
        0,
        0,
        0,
        0,
        null,
        null,
        null,
        1,
        0,
        0,
        null,
        null,
        null,
        1,
        12,
        12,
        67,
        61,
        null,
        null,
        null,
        1,
        61,
        null,
        null,
        1,
        200,
        61,
        null,
        null
      ]
    },
    "timestamp": 1597423274
  }
}
